app/build/intermediates/manifest_merge_blame_file/debug/manifest-merger-blame-debug-report.txt
1<?xml version="1.0" encoding="utf-8"?>
2<manifest xmlns:android="http://schemas.android.com/apk/res/android"
3    package="fr.kabaparis.go4lunch"
4    android:versionCode="1"
5    android:versionName="1.0" >
6
7    <uses-sdk
8        android:minSdkVersion="30"
8-->src\main\AndroidManifest.xml
9        android:targetSdkVersion="33" />
9-->src\main\AndroidManifest.xml
10
11    <uses-permission android:name="android.permission.INTERNET" />
11-->src\main\AndroidManifest.xml:6:5-67
11-->src\main\AndroidManifest.xml:6:22-64
12    <uses-permission android:name="android.permission.ACCESS_NETWORK_STATE" /> <!-- Used to check if a browser is available before launching phone auth -->
12-->[com.firebaseui:firebase-ui-auth:8.0.2] AndroidManifest.xml:10:5-79
12-->[com.firebaseui:firebase-ui-auth:8.0.2] AndroidManifest.xml:10:22-76
13    <!-- See ui/phone/PhoneNumberVerificationHandler.isBrowserAvailable() -->
14    <queries>
14-->[com.firebaseui:firebase-ui-auth:8.0.2] AndroidManifest.xml:15:5-23:15
15        <intent>
15-->[com.firebaseui:firebase-ui-auth:8.0.2] AndroidManifest.xml:16:9-22:18
16            <action android:name="android.intent.action.VIEW" />
16-->[com.firebaseui:firebase-ui-auth:8.0.2] AndroidManifest.xml:17:13-65
16-->[com.firebaseui:firebase-ui-auth:8.0.2] AndroidManifest.xml:17:21-62
17
18            <category android:name="android.intent.category.BROWSABLE" />
18-->[com.firebaseui:firebase-ui-auth:8.0.2] AndroidManifest.xml:19:13-74
18-->[com.firebaseui:firebase-ui-auth:8.0.2] AndroidManifest.xml:19:23-71
19
20            <data android:scheme="http" />
20-->[com.firebaseui:firebase-ui-auth:8.0.2] AndroidManifest.xml:21:13-43
20-->[com.firebaseui:firebase-ui-auth:8.0.2] AndroidManifest.xml:21:19-40
21        </intent>
22
23        <package android:name="com.facebook.katana" />
23-->[com.facebook.android:facebook-common:15.2.0] AndroidManifest.xml:18:9-55
23-->[com.facebook.android:facebook-common:15.2.0] AndroidManifest.xml:18:18-52
24    </queries>
25
26    <uses-permission android:name="android.permission.WAKE_LOCK" />
26-->[com.google.android.gms:play-services-measurement-api:21.2.0] AndroidManifest.xml:24:5-68
26-->[com.google.android.gms:play-services-measurement-api:21.2.0] AndroidManifest.xml:24:22-65
27    <uses-permission android:name="com.google.android.gms.permission.AD_ID" />
27-->[com.google.android.gms:play-services-measurement-api:21.2.0] AndroidManifest.xml:25:5-79
27-->[com.google.android.gms:play-services-measurement-api:21.2.0] AndroidManifest.xml:25:22-76
28    <uses-permission android:name="com.google.android.finsky.permission.BIND_GET_INSTALL_REFERRER_SERVICE" />
28-->[com.google.android.gms:play-services-measurement:21.2.0] AndroidManifest.xml:26:5-110
28-->[com.google.android.gms:play-services-measurement:21.2.0] AndroidManifest.xml:26:22-107
29
30    <application
30-->src\main\AndroidManifest.xml:8:5-39:19
31        android:allowBackup="true"
31-->src\main\AndroidManifest.xml:9:9-35
32        android:appComponentFactory="androidx.core.app.CoreComponentFactory"
32-->[androidx.core:core:1.8.0] AndroidManifest.xml:24:18-86
33        android:debuggable="true"
34        android:extractNativeLibs="false"
35        android:icon="@mipmap/ic_launcher"
35-->src\main\AndroidManifest.xml:10:9-43
36        android:label="@string/app_name"
36-->src\main\AndroidManifest.xml:11:9-41
37        android:roundIcon="@mipmap/ic_launcher_round"
37-->src\main\AndroidManifest.xml:12:9-54
38        android:supportsRtl="true"
38-->src\main\AndroidManifest.xml:13:9-35
39        android:testOnly="true"
40        android:theme="@style/Theme.Go4Lunch" >
40-->src\main\AndroidManifest.xml:14:9-46
41        <activity
41-->src\main\AndroidManifest.xml:15:9-23:20
42            android:name="fr.kabaparis.go4lunch.NavigationDrawerActivity"
42-->src\main\AndroidManifest.xml:16:13-53
43            android:exported="false"
43-->src\main\AndroidManifest.xml:17:13-37
44            android:label="@string/title_activity_navigation_drawer"
44-->src\main\AndroidManifest.xml:18:13-69
45            android:theme="@style/Theme.Go4Lunch.NoActionBar" >
45-->src\main\AndroidManifest.xml:19:13-62
46            <meta-data
46-->src\main\AndroidManifest.xml:20:13-22:36
47                android:name="android.app.lib_name"
47-->src\main\AndroidManifest.xml:21:17-52
48                android:value="" />
48-->src\main\AndroidManifest.xml:22:17-33
49        </activity>
50
51        <meta-data
51-->src\main\AndroidManifest.xml:25:9-27:61
52            android:name="com.facebook.sdk.ClientToken"
52-->src\main\AndroidManifest.xml:26:13-56
53            android:value="@string/facebook_client_token" />
53-->src\main\AndroidManifest.xml:27:13-58
54
55        <activity
55-->src\main\AndroidManifest.xml:29:9-38:20
56            android:name="fr.kabaparis.go4lunch.MainActivity"
56-->src\main\AndroidManifest.xml:30:13-41
57            android:exported="true"
57-->src\main\AndroidManifest.xml:31:13-36
58            android:label="@string/app_name" >
58-->src\main\AndroidManifest.xml:32:13-45
59            <intent-filter>
59-->src\main\AndroidManifest.xml:33:13-37:29
60                <action android:name="android.intent.action.MAIN" />
60-->src\main\AndroidManifest.xml:34:17-69
60-->src\main\AndroidManifest.xml:34:25-66
61
62                <category android:name="android.intent.category.LAUNCHER" />
62-->src\main\AndroidManifest.xml:36:17-77
62-->src\main\AndroidManifest.xml:36:27-74
63            </intent-filter>
64        </activity>
65
66        <meta-data
66-->[com.firebaseui:firebase-ui-auth:8.0.2] AndroidManifest.xml:26:9-28:69
67            android:name="com.google.android.gms.version"
67-->[com.firebaseui:firebase-ui-auth:8.0.2] AndroidManifest.xml:27:13-58
68            android:value="@integer/google_play_services_version" />
68-->[com.firebaseui:firebase-ui-auth:8.0.2] AndroidManifest.xml:28:13-66
69        <meta-data
69-->[com.firebaseui:firebase-ui-auth:8.0.2] AndroidManifest.xml:29:9-31:63
70            android:name="com.facebook.sdk.ApplicationId"
70-->[com.firebaseui:firebase-ui-auth:8.0.2] AndroidManifest.xml:30:13-58
71            android:value="@string/facebook_application_id" />
71-->[com.firebaseui:firebase-ui-auth:8.0.2] AndroidManifest.xml:31:13-60
72
73        <activity
73-->[com.firebaseui:firebase-ui-auth:8.0.2] AndroidManifest.xml:33:9-37:61
74            android:name="com.firebase.ui.auth.KickoffActivity"
74-->[com.firebaseui:firebase-ui-auth:8.0.2] AndroidManifest.xml:34:13-64
75            android:exported="false"
75-->[com.firebaseui:firebase-ui-auth:8.0.2] AndroidManifest.xml:35:13-37
76            android:label=""
76-->[com.firebaseui:firebase-ui-auth:8.0.2] AndroidManifest.xml:36:13-29
77            android:theme="@style/FirebaseUI.Transparent" />
77-->[com.firebaseui:firebase-ui-auth:8.0.2] AndroidManifest.xml:37:13-58
78        <activity
78-->[com.firebaseui:firebase-ui-auth:8.0.2] AndroidManifest.xml:38:9-42:61
79            android:name="com.firebase.ui.auth.ui.idp.SingleSignInActivity"
79-->[com.firebaseui:firebase-ui-auth:8.0.2] AndroidManifest.xml:39:13-76
80            android:exported="false"
80-->[com.firebaseui:firebase-ui-auth:8.0.2] AndroidManifest.xml:40:13-37
81            android:label=""
81-->[com.firebaseui:firebase-ui-auth:8.0.2] AndroidManifest.xml:41:13-29
82            android:theme="@style/FirebaseUI.Transparent" />
82-->[com.firebaseui:firebase-ui-auth:8.0.2] AndroidManifest.xml:42:13-58
83        <activity
83-->[com.firebaseui:firebase-ui-auth:8.0.2] AndroidManifest.xml:43:9-47:61
84            android:name="com.firebase.ui.auth.ui.credentials.CredentialSaveActivity"
84-->[com.firebaseui:firebase-ui-auth:8.0.2] AndroidManifest.xml:44:13-86
85            android:exported="false"
85-->[com.firebaseui:firebase-ui-auth:8.0.2] AndroidManifest.xml:45:13-37
86            android:label=""
86-->[com.firebaseui:firebase-ui-auth:8.0.2] AndroidManifest.xml:46:13-29
87            android:theme="@style/FirebaseUI.Transparent" />
87-->[com.firebaseui:firebase-ui-auth:8.0.2] AndroidManifest.xml:47:13-58
88        <activity
88-->[com.firebaseui:firebase-ui-auth:8.0.2] AndroidManifest.xml:48:9-52:58
89            android:name="com.firebase.ui.auth.ui.email.RecoverPasswordActivity"
89-->[com.firebaseui:firebase-ui-auth:8.0.2] AndroidManifest.xml:49:13-81
90            android:exported="false"
90-->[com.firebaseui:firebase-ui-auth:8.0.2] AndroidManifest.xml:50:13-37
91            android:label="@string/fui_title_recover_password_activity"
91-->[com.firebaseui:firebase-ui-auth:8.0.2] AndroidManifest.xml:51:13-72
92            android:windowSoftInputMode="adjustResize" />
92-->[com.firebaseui:firebase-ui-auth:8.0.2] AndroidManifest.xml:52:13-55
93        <activity
93-->[com.firebaseui:firebase-ui-auth:8.0.2] AndroidManifest.xml:53:9-57:58
94            android:name="com.firebase.ui.auth.ui.email.EmailActivity"
94-->[com.firebaseui:firebase-ui-auth:8.0.2] AndroidManifest.xml:54:13-71
95            android:exported="false"
95-->[com.firebaseui:firebase-ui-auth:8.0.2] AndroidManifest.xml:55:13-37
96            android:label="@string/fui_sign_in_default"
96-->[com.firebaseui:firebase-ui-auth:8.0.2] AndroidManifest.xml:56:13-56
97            android:windowSoftInputMode="adjustResize" />
97-->[com.firebaseui:firebase-ui-auth:8.0.2] AndroidManifest.xml:57:13-55
98        <activity
98-->[com.firebaseui:firebase-ui-auth:8.0.2] AndroidManifest.xml:58:9-62:77
99            android:name="com.firebase.ui.auth.ui.phone.PhoneActivity"
99-->[com.firebaseui:firebase-ui-auth:8.0.2] AndroidManifest.xml:59:13-71
100            android:exported="false"
100-->[com.firebaseui:firebase-ui-auth:8.0.2] AndroidManifest.xml:60:13-37
101            android:label="@string/fui_sign_in_with_phone_number"
101-->[com.firebaseui:firebase-ui-auth:8.0.2] AndroidManifest.xml:61:13-66
102            android:windowSoftInputMode="adjustResize|stateAlwaysVisible" />
102-->[com.firebaseui:firebase-ui-auth:8.0.2] AndroidManifest.xml:62:13-74
103        <activity
103-->[com.firebaseui:firebase-ui-auth:8.0.2] AndroidManifest.xml:63:9-67:58
104            android:name="com.firebase.ui.auth.ui.idp.WelcomeBackIdpPrompt"
104-->[com.firebaseui:firebase-ui-auth:8.0.2] AndroidManifest.xml:64:13-76
105            android:exported="false"
105-->[com.firebaseui:firebase-ui-auth:8.0.2] AndroidManifest.xml:65:13-37
106            android:label="@string/fui_title_welcome_back_idp_prompt"
106-->[com.firebaseui:firebase-ui-auth:8.0.2] AndroidManifest.xml:66:13-70
107            android:windowSoftInputMode="adjustResize" />
107-->[com.firebaseui:firebase-ui-auth:8.0.2] AndroidManifest.xml:67:13-55
108        <activity
108-->[com.firebaseui:firebase-ui-auth:8.0.2] AndroidManifest.xml:68:9-72:58
109            android:name="com.firebase.ui.auth.ui.email.WelcomeBackPasswordPrompt"
109-->[com.firebaseui:firebase-ui-auth:8.0.2] AndroidManifest.xml:69:13-83
110            android:exported="false"
110-->[com.firebaseui:firebase-ui-auth:8.0.2] AndroidManifest.xml:70:13-37
111            android:label="@string/fui_title_welcome_back_password_prompt"
111-->[com.firebaseui:firebase-ui-auth:8.0.2] AndroidManifest.xml:71:13-75
112            android:windowSoftInputMode="adjustResize" />
112-->[com.firebaseui:firebase-ui-auth:8.0.2] AndroidManifest.xml:72:13-55
113        <activity
113-->[com.firebaseui:firebase-ui-auth:8.0.2] AndroidManifest.xml:73:9-77:58
114            android:name="com.firebase.ui.auth.ui.email.WelcomeBackEmailLinkPrompt"
114-->[com.firebaseui:firebase-ui-auth:8.0.2] AndroidManifest.xml:74:13-84
115            android:exported="false"
115-->[com.firebaseui:firebase-ui-auth:8.0.2] AndroidManifest.xml:75:13-37
116            android:label="@string/fui_title_welcome_back_password_prompt"
116-->[com.firebaseui:firebase-ui-auth:8.0.2] AndroidManifest.xml:76:13-75
117            android:windowSoftInputMode="adjustResize" />
117-->[com.firebaseui:firebase-ui-auth:8.0.2] AndroidManifest.xml:77:13-55
118        <activity
118-->[com.firebaseui:firebase-ui-auth:8.0.2] AndroidManifest.xml:78:9-83:58
119            android:name="com.firebase.ui.auth.ui.email.EmailLinkCatcherActivity"
119-->[com.firebaseui:firebase-ui-auth:8.0.2] AndroidManifest.xml:79:13-82
120            android:exported="false"
120-->[com.firebaseui:firebase-ui-auth:8.0.2] AndroidManifest.xml:80:13-37
121            android:label=""
121-->[com.firebaseui:firebase-ui-auth:8.0.2] AndroidManifest.xml:81:13-29
122            android:theme="@style/FirebaseUI.Transparent"
122-->[com.firebaseui:firebase-ui-auth:8.0.2] AndroidManifest.xml:82:13-58
123            android:windowSoftInputMode="adjustResize" />
123-->[com.firebaseui:firebase-ui-auth:8.0.2] AndroidManifest.xml:83:13-55
124        <activity
124-->[com.firebaseui:firebase-ui-auth:8.0.2] AndroidManifest.xml:84:9-88:58
125            android:name="com.firebase.ui.auth.ui.email.EmailLinkErrorRecoveryActivity"
125-->[com.firebaseui:firebase-ui-auth:8.0.2] AndroidManifest.xml:85:13-88
126            android:exported="false"
126-->[com.firebaseui:firebase-ui-auth:8.0.2] AndroidManifest.xml:86:13-37
127            android:label="@string/fui_sign_in_default"
127-->[com.firebaseui:firebase-ui-auth:8.0.2] AndroidManifest.xml:87:13-56
128            android:windowSoftInputMode="adjustResize" />
128-->[com.firebaseui:firebase-ui-auth:8.0.2] AndroidManifest.xml:88:13-55
129        <activity
129-->[com.firebaseui:firebase-ui-auth:8.0.2] AndroidManifest.xml:89:9-92:65
130            android:name="com.firebase.ui.auth.ui.idp.AuthMethodPickerActivity"
130-->[com.firebaseui:firebase-ui-auth:8.0.2] AndroidManifest.xml:90:13-80
131            android:exported="false"
131-->[com.firebaseui:firebase-ui-auth:8.0.2] AndroidManifest.xml:91:13-37
132            android:label="@string/fui_default_toolbar_title" />
132-->[com.firebaseui:firebase-ui-auth:8.0.2] AndroidManifest.xml:92:13-62
133        <activity
133-->[com.firebaseui:firebase-ui-auth:8.0.2] AndroidManifest.xml:93:9-97:48
134            android:name="com.facebook.FacebookActivity"
134-->[com.firebaseui:firebase-ui-auth:8.0.2] AndroidManifest.xml:94:13-57
135            android:configChanges="keyboard|keyboardHidden|screenLayout|screenSize|orientation"
135-->[com.firebaseui:firebase-ui-auth:8.0.2] AndroidManifest.xml:95:13-96
136            android:label="@string/app_name"
136-->[com.firebaseui:firebase-ui-auth:8.0.2] AndroidManifest.xml:96:13-45
137            android:theme="@style/com_facebook_activity_theme" />
137-->[com.facebook.android:facebook-common:15.2.0] AndroidManifest.xml:25:13-63
138        <activity
138-->[com.firebaseui:firebase-ui-auth:8.0.2] AndroidManifest.xml:98:9-110:20
139            android:name="com.facebook.CustomTabActivity"
139-->[com.firebaseui:firebase-ui-auth:8.0.2] AndroidManifest.xml:99:13-58
140            android:exported="true" >
140-->[com.firebaseui:firebase-ui-auth:8.0.2] AndroidManifest.xml:100:13-36
141            <intent-filter>
141-->[com.firebaseui:firebase-ui-auth:8.0.2] AndroidManifest.xml:102:13-109:29
142                <action android:name="android.intent.action.VIEW" />
142-->[com.firebaseui:firebase-ui-auth:8.0.2] AndroidManifest.xml:17:13-65
142-->[com.firebaseui:firebase-ui-auth:8.0.2] AndroidManifest.xml:17:21-62
143
144                <category android:name="android.intent.category.DEFAULT" />
144-->[com.firebaseui:firebase-ui-auth:8.0.2] AndroidManifest.xml:105:17-76
144-->[com.firebaseui:firebase-ui-auth:8.0.2] AndroidManifest.xml:105:27-73
145                <category android:name="android.intent.category.BROWSABLE" />
145-->[com.firebaseui:firebase-ui-auth:8.0.2] AndroidManifest.xml:19:13-74
145-->[com.firebaseui:firebase-ui-auth:8.0.2] AndroidManifest.xml:19:23-71
146
147                <data android:scheme="@string/facebook_login_protocol_scheme" />
147-->[com.firebaseui:firebase-ui-auth:8.0.2] AndroidManifest.xml:21:13-43
147-->[com.firebaseui:firebase-ui-auth:8.0.2] AndroidManifest.xml:21:19-40
148            </intent-filter>
149            <intent-filter>
149-->[com.facebook.android:facebook-common:15.2.0] AndroidManifest.xml:31:13-40:29
150                <action android:name="android.intent.action.VIEW" />
150-->[com.firebaseui:firebase-ui-auth:8.0.2] AndroidManifest.xml:17:13-65
150-->[com.firebaseui:firebase-ui-auth:8.0.2] AndroidManifest.xml:17:21-62
151
152                <category android:name="android.intent.category.DEFAULT" />
152-->[com.firebaseui:firebase-ui-auth:8.0.2] AndroidManifest.xml:105:17-76
152-->[com.firebaseui:firebase-ui-auth:8.0.2] AndroidManifest.xml:105:27-73
153                <category android:name="android.intent.category.BROWSABLE" />
153-->[com.firebaseui:firebase-ui-auth:8.0.2] AndroidManifest.xml:19:13-74
153-->[com.firebaseui:firebase-ui-auth:8.0.2] AndroidManifest.xml:19:23-71
154
155                <data
155-->[com.firebaseui:firebase-ui-auth:8.0.2] AndroidManifest.xml:21:13-43
156                    android:host="cct.fr.kabaparis.go4lunch"
157                    android:scheme="fbconnect" />
157-->[com.firebaseui:firebase-ui-auth:8.0.2] AndroidManifest.xml:21:19-40
158            </intent-filter>
159        </activity>
160
161        <provider
161-->[com.firebaseui:firebase-ui-auth:8.0.2] AndroidManifest.xml:112:9-116:38
162            android:name="com.firebase.ui.auth.data.client.AuthUiInitProvider"
162-->[com.firebaseui:firebase-ui-auth:8.0.2] AndroidManifest.xml:113:13-79
163            android:authorities="fr.kabaparis.go4lunch.authuiinitprovider"
163-->[com.firebaseui:firebase-ui-auth:8.0.2] AndroidManifest.xml:114:13-70
164            android:exported="false"
164-->[com.firebaseui:firebase-ui-auth:8.0.2] AndroidManifest.xml:115:13-37
165            android:initOrder="90" />
165-->[com.firebaseui:firebase-ui-auth:8.0.2] AndroidManifest.xml:116:13-35
166
167        <activity android:name="com.facebook.CustomTabMainActivity" />
167-->[com.facebook.android:facebook-common:15.2.0] AndroidManifest.xml:26:9-71
167-->[com.facebook.android:facebook-common:15.2.0] AndroidManifest.xml:26:19-68
168        <activity
168-->[com.google.firebase:firebase-auth:21.1.0] AndroidManifest.xml:27:9-44:20
169            android:name="com.google.firebase.auth.internal.GenericIdpActivity"
169-->[com.google.firebase:firebase-auth:21.1.0] AndroidManifest.xml:28:13-80
170            android:excludeFromRecents="true"
170-->[com.google.firebase:firebase-auth:21.1.0] AndroidManifest.xml:29:13-46
171            android:exported="true"
171-->[com.google.firebase:firebase-auth:21.1.0] AndroidManifest.xml:30:13-36
172            android:launchMode="singleTask"
172-->[com.google.firebase:firebase-auth:21.1.0] AndroidManifest.xml:31:13-44
173            android:theme="@android:style/Theme.Translucent.NoTitleBar" >
173-->[com.google.firebase:firebase-auth:21.1.0] AndroidManifest.xml:32:13-72
174            <intent-filter>
174-->[com.google.firebase:firebase-auth:21.1.0] AndroidManifest.xml:33:13-43:29
175                <action android:name="android.intent.action.VIEW" />
175-->[com.firebaseui:firebase-ui-auth:8.0.2] AndroidManifest.xml:17:13-65
175-->[com.firebaseui:firebase-ui-auth:8.0.2] AndroidManifest.xml:17:21-62
176
177                <category android:name="android.intent.category.DEFAULT" />
177-->[com.firebaseui:firebase-ui-auth:8.0.2] AndroidManifest.xml:105:17-76
177-->[com.firebaseui:firebase-ui-auth:8.0.2] AndroidManifest.xml:105:27-73
178                <category android:name="android.intent.category.BROWSABLE" />
178-->[com.firebaseui:firebase-ui-auth:8.0.2] AndroidManifest.xml:19:13-74
178-->[com.firebaseui:firebase-ui-auth:8.0.2] AndroidManifest.xml:19:23-71
179
180                <data
180-->[com.firebaseui:firebase-ui-auth:8.0.2] AndroidManifest.xml:21:13-43
181                    android:host="firebase.auth"
182                    android:path="/"
183                    android:scheme="genericidp" />
183-->[com.firebaseui:firebase-ui-auth:8.0.2] AndroidManifest.xml:21:19-40
184            </intent-filter>
185        </activity>
186        <activity
186-->[com.google.firebase:firebase-auth:21.1.0] AndroidManifest.xml:45:9-62:20
187            android:name="com.google.firebase.auth.internal.RecaptchaActivity"
187-->[com.google.firebase:firebase-auth:21.1.0] AndroidManifest.xml:46:13-79
188            android:excludeFromRecents="true"
188-->[com.google.firebase:firebase-auth:21.1.0] AndroidManifest.xml:47:13-46
189            android:exported="true"
189-->[com.google.firebase:firebase-auth:21.1.0] AndroidManifest.xml:48:13-36
190            android:launchMode="singleTask"
190-->[com.google.firebase:firebase-auth:21.1.0] AndroidManifest.xml:49:13-44
191            android:theme="@android:style/Theme.Translucent.NoTitleBar" >
191-->[com.google.firebase:firebase-auth:21.1.0] AndroidManifest.xml:50:13-72
192            <intent-filter>
192-->[com.google.firebase:firebase-auth:21.1.0] AndroidManifest.xml:51:13-61:29
193                <action android:name="android.intent.action.VIEW" />
193-->[com.firebaseui:firebase-ui-auth:8.0.2] AndroidManifest.xml:17:13-65
193-->[com.firebaseui:firebase-ui-auth:8.0.2] AndroidManifest.xml:17:21-62
194
195                <category android:name="android.intent.category.DEFAULT" />
195-->[com.firebaseui:firebase-ui-auth:8.0.2] AndroidManifest.xml:105:17-76
195-->[com.firebaseui:firebase-ui-auth:8.0.2] AndroidManifest.xml:105:27-73
196                <category android:name="android.intent.category.BROWSABLE" />
196-->[com.firebaseui:firebase-ui-auth:8.0.2] AndroidManifest.xml:19:13-74
196-->[com.firebaseui:firebase-ui-auth:8.0.2] AndroidManifest.xml:19:23-71
197
198                <data
198-->[com.firebaseui:firebase-ui-auth:8.0.2] AndroidManifest.xml:21:13-43
199                    android:host="firebase.auth"
200                    android:path="/"
201                    android:scheme="recaptcha" />
201-->[com.firebaseui:firebase-ui-auth:8.0.2] AndroidManifest.xml:21:19-40
202            </intent-filter>
203        </activity>
204
205        <service
205-->[com.google.firebase:firebase-auth:21.1.0] AndroidManifest.xml:64:9-70:19
206            android:name="com.google.firebase.components.ComponentDiscoveryService"
206-->[com.google.firebase:firebase-auth:21.1.0] AndroidManifest.xml:65:13-84
207            android:directBootAware="true"
207-->[com.google.firebase:firebase-common:20.2.0] AndroidManifest.xml:34:13-43
208            android:exported="false" >
208-->[com.google.firebase:firebase-auth:21.1.0] AndroidManifest.xml:66:13-37
209            <meta-data
209-->[com.google.firebase:firebase-auth:21.1.0] AndroidManifest.xml:67:13-69:85
210                android:name="com.google.firebase.components:com.google.firebase.auth.FirebaseAuthRegistrar"
210-->[com.google.firebase:firebase-auth:21.1.0] AndroidManifest.xml:68:17-109
211                android:value="com.google.firebase.components.ComponentRegistrar" />
211-->[com.google.firebase:firebase-auth:21.1.0] AndroidManifest.xml:69:17-82
212            <meta-data
212-->[com.google.firebase:firebase-firestore:24.4.1] AndroidManifest.xml:19:13-21:85
213                android:name="com.google.firebase.components:com.google.firebase.firestore.FirestoreRegistrar"
213-->[com.google.firebase:firebase-firestore:24.4.1] AndroidManifest.xml:20:17-111
214                android:value="com.google.firebase.components.ComponentRegistrar" />
214-->[com.google.firebase:firebase-firestore:24.4.1] AndroidManifest.xml:21:17-82
215            <meta-data
215-->[com.google.firebase:firebase-storage:20.1.0] AndroidManifest.xml:32:13-34:85
216                android:name="com.google.firebase.components:com.google.firebase.storage.StorageRegistrar"
216-->[com.google.firebase:firebase-storage:20.1.0] AndroidManifest.xml:33:17-107
217                android:value="com.google.firebase.components.ComponentRegistrar" />
217-->[com.google.firebase:firebase-storage:20.1.0] AndroidManifest.xml:34:17-82
218            <meta-data
218-->[com.google.firebase:firebase-database:20.1.0] AndroidManifest.xml:31:13-33:85
219                android:name="com.google.firebase.components:com.google.firebase.database.DatabaseRegistrar"
219-->[com.google.firebase:firebase-database:20.1.0] AndroidManifest.xml:32:17-109
220                android:value="com.google.firebase.components.ComponentRegistrar" />
220-->[com.google.firebase:firebase-database:20.1.0] AndroidManifest.xml:33:17-82
221            <meta-data
221-->[com.google.android.gms:play-services-measurement-api:21.2.0] AndroidManifest.xml:31:13-33:85
222                android:name="com.google.firebase.components:com.google.firebase.analytics.connector.internal.AnalyticsConnectorRegistrar"
222-->[com.google.android.gms:play-services-measurement-api:21.2.0] AndroidManifest.xml:32:17-139
223                android:value="com.google.firebase.components.ComponentRegistrar" />
223-->[com.google.android.gms:play-services-measurement-api:21.2.0] AndroidManifest.xml:33:17-82
224            <meta-data
224-->[com.google.firebase:firebase-installations:17.1.0] AndroidManifest.xml:17:13-19:85
225                android:name="com.google.firebase.components:com.google.firebase.installations.FirebaseInstallationsRegistrar"
225-->[com.google.firebase:firebase-installations:17.1.0] AndroidManifest.xml:18:17-127
226                android:value="com.google.firebase.components.ComponentRegistrar" />
226-->[com.google.firebase:firebase-installations:17.1.0] AndroidManifest.xml:19:17-82
227        </service>
228
229        <provider
229-->[com.google.firebase:firebase-common:20.2.0] AndroidManifest.xml:25:9-30:39
230            android:name="com.google.firebase.provider.FirebaseInitProvider"
230-->[com.google.firebase:firebase-common:20.2.0] AndroidManifest.xml:26:13-77
231            android:authorities="fr.kabaparis.go4lunch.firebaseinitprovider"
231-->[com.google.firebase:firebase-common:20.2.0] AndroidManifest.xml:27:13-72
232            android:directBootAware="true"
232-->[com.google.firebase:firebase-common:20.2.0] AndroidManifest.xml:28:13-43
233            android:exported="false"
233-->[com.google.firebase:firebase-common:20.2.0] AndroidManifest.xml:29:13-37
234            android:initOrder="100" />
234-->[com.google.firebase:firebase-common:20.2.0] AndroidManifest.xml:30:13-36
235
236        <activity
236-->[com.google.android.gms:play-services-auth:20.3.0] AndroidManifest.xml:23:9-27:75
237            android:name="com.google.android.gms.auth.api.signin.internal.SignInHubActivity"
237-->[com.google.android.gms:play-services-auth:20.3.0] AndroidManifest.xml:24:13-93
238            android:excludeFromRecents="true"
238-->[com.google.android.gms:play-services-auth:20.3.0] AndroidManifest.xml:25:13-46
239            android:exported="false"
239-->[com.google.android.gms:play-services-auth:20.3.0] AndroidManifest.xml:26:13-37
240            android:theme="@android:style/Theme.Translucent.NoTitleBar" />
240-->[com.google.android.gms:play-services-auth:20.3.0] AndroidManifest.xml:27:13-72
241        <!--
242            Service handling Google Sign-In user revocation. For apps that do not integrate with
243            Google Sign-In, this service will never be started.
244        -->
245        <service
245-->[com.google.android.gms:play-services-auth:20.3.0] AndroidManifest.xml:33:9-37:51
246            android:name="com.google.android.gms.auth.api.signin.RevocationBoundService"
246-->[com.google.android.gms:play-services-auth:20.3.0] AndroidManifest.xml:34:13-89
247            android:exported="true"
247-->[com.google.android.gms:play-services-auth:20.3.0] AndroidManifest.xml:35:13-36
248            android:permission="com.google.android.gms.auth.api.signin.permission.REVOCATION_NOTIFICATION"
248-->[com.google.android.gms:play-services-auth:20.3.0] AndroidManifest.xml:36:13-107
249            android:visibleToInstantApps="true" />
249-->[com.google.android.gms:play-services-auth:20.3.0] AndroidManifest.xml:37:13-48
250
251        <activity
251-->[com.google.android.gms:play-services-base:18.0.1] AndroidManifest.xml:20:9-22:45
252            android:name="com.google.android.gms.common.api.GoogleApiActivity"
252-->[com.google.android.gms:play-services-base:18.0.1] AndroidManifest.xml:20:19-85
253            android:exported="false"
253-->[com.google.android.gms:play-services-base:18.0.1] AndroidManifest.xml:22:19-43
254            android:theme="@android:style/Theme.Translucent.NoTitleBar" />
254-->[com.google.android.gms:play-services-base:18.0.1] AndroidManifest.xml:21:19-78
255
256        <receiver
256-->[com.google.android.gms:play-services-measurement:21.2.0] AndroidManifest.xml:29:9-33:20
257            android:name="com.google.android.gms.measurement.AppMeasurementReceiver"
257-->[com.google.android.gms:play-services-measurement:21.2.0] AndroidManifest.xml:30:13-85
258            android:enabled="true"
258-->[com.google.android.gms:play-services-measurement:21.2.0] AndroidManifest.xml:31:13-35
259            android:exported="false" >
259-->[com.google.android.gms:play-services-measurement:21.2.0] AndroidManifest.xml:32:13-37
260        </receiver>
261
262        <service
262-->[com.google.android.gms:play-services-measurement:21.2.0] AndroidManifest.xml:35:9-38:40
263            android:name="com.google.android.gms.measurement.AppMeasurementService"
263-->[com.google.android.gms:play-services-measurement:21.2.0] AndroidManifest.xml:36:13-84
264            android:enabled="true"
264-->[com.google.android.gms:play-services-measurement:21.2.0] AndroidManifest.xml:37:13-35
265            android:exported="false" />
265-->[com.google.android.gms:play-services-measurement:21.2.0] AndroidManifest.xml:38:13-37
266        <service
266-->[com.google.android.gms:play-services-measurement:21.2.0] AndroidManifest.xml:39:9-43:72
267            android:name="com.google.android.gms.measurement.AppMeasurementJobService"
267-->[com.google.android.gms:play-services-measurement:21.2.0] AndroidManifest.xml:40:13-87
268            android:enabled="true"